# JRE version: OpenJDK Runtime Environment Temurin-21.0.7+6 (21.0.7+6) (build 21.0.7+6-LTS)
# Java VM: OpenJDK 64-Bit Server VM Temurin-21.0.7+6 (21.0.7+6-LTS, mixed mode, sharing, tiered, compressed oops, compressed class ptrs, parallel gc, windows-amd64)
GC Precious Log:
 CardTable entry size: 512
 CPUs: 4 total, 4 available
 Memory: 8056M
 Large Page Support: Disabled
 NUMA Support: Disabled
 Compressed Oops: Enabled (32-bit)
 Alignments: Space 512K, Generation 512K, Heap 2M
 Heap Min Capacity: 100M
 Heap Initial Capacity: 100M
 Heap Max Capacity: 2G
 Pre-touch: Disabled
 Parallel Workers: 4
Heap:
 PSYoungGen      total 14336K, used 9119K [0x00000000d5580000, 0x00000000d6680000, 0x0000000100000000)
  eden space 11264K, 57% used [0x00000000d5580000,0x00000000d5bdae20,0x00000000d6080000)
  from space 3072K, 85% used [0x00000000d6380000,0x00000000d660d1d0,0x00000000d6680000)
  to   space 3072K, 0% used [0x00000000d6080000,0x00000000d6080000,0x00000000d6380000)
 ParOldGen       total 68608K, used 52255K [0x0000000080000000, 0x0000000084300000, 0x00000000d5580000)
  object space 68608K, 76% used [0x0000000080000000,0x0000000083307f30,0x0000000084300000)
 Metaspace       used 65182K, committed 66560K, reserved 1114112K
  class space    used 6854K, committed 7424K, reserved 1048576K
GC Heap History (20 events):
Event: 35.188 GC heap before
{Heap before GC invocations=44 (full 2):
 PSYoungGen      total 12800K, used 12649K [0x00000000d5580000, 0x00000000d6500000, 0x0000000100000000)
  eden space 11776K, 100% used [0x00000000d5580000,0x00000000d6100000,0x00000000d6100000)
  from space 1024K, 85% used [0x00000000d6200000,0x00000000d62da578,0x00000000d6300000)
  to   space 1536K, 0% used [0x00000000d6380000,0x00000000d6380000,0x00000000d6500000)
 ParOldGen       total 68608K, used 53091K [0x0000000080000000, 0x0000000084300000, 0x00000000d5580000)
  object space 68608K, 77% used [0x0000000080000000,0x00000000833d8f30,0x0000000084300000)
 Metaspace       used 58050K, committed 59200K, reserved 1114112K
  class space    used 6164K, committed 6656K, reserved 1048576K
}
Event: 35.189 GC heap after
{Heap after GC invocations=44 (full 2):
 PSYoungGen      total 12288K, used 288K [0x00000000d5580000, 0x00000000d6400000, 0x0000000100000000)
  eden space 11776K, 0% used [0x00000000d5580000,0x00000000d5580000,0x00000000d6100000)
  from space 512K, 56% used [0x00000000d6380000,0x00000000d63c8000,0x00000000d6400000)
  to   space 1024K, 0% used [0x00000000d6200000,0x00000000d6200000,0x00000000d6300000)
 ParOldGen       total 68608K, used 53160K [0x0000000080000000, 0x0000000084300000, 0x00000000d5580000)
  object space 68608K, 77% used [0x0000000080000000,0x00000000833ea1c0,0x0000000084300000)
 Metaspace       used 58050K, committed 59200K, reserved 1114112K
  class space    used 6164K, committed 6656K, reserved 1048576K
}
Event: 36.129 GC heap before
{Heap before GC invocations=45 (full 2):
 PSYoungGen      total 12288K, used 9332K [0x00000000d5580000, 0x00000000d6400000, 0x0000000100000000)
  eden space 11776K, 76% used [0x00000000d5580000,0x00000000d5e55170,0x00000000d6100000)
  from space 512K, 56% used [0x00000000d6380000,0x00000000d63c8000,0x00000000d6400000)
  to   space 1024K, 0% used [0x00000000d6200000,0x00000000d6200000,0x00000000d6300000)
 ParOldGen       total 68608K, used 53160K [0x0000000080000000, 0x0000000084300000, 0x00000000d5580000)
  object space 68608K, 77% used [0x0000000080000000,0x00000000833ea1c0,0x0000000084300000)
 Metaspace       used 58647K, committed 59776K, reserved 1114112K
  class space    used 6212K, committed 6720K, reserved 1048576K
}
Event: 36.130 GC heap after
{Heap after GC invocations=45 (full 2):
 PSYoungGen      total 12800K, used 1013K [0x00000000d5580000, 0x00000000d6500000, 0x0000000100000000)
  eden space 11776K, 0% used [0x00000000d5580000,0x00000000d5580000,0x00000000d6100000)
  from space 1024K, 99% used [0x00000000d6200000,0x00000000d62fd740,0x00000000d6300000)
  to   space 2048K, 0% used [0x00000000d6300000,0x00000000d6300000,0x00000000d6500000)
 ParOldGen       total 68608K, used 53540K [0x0000000080000000, 0x0000000084300000, 0x00000000d5580000)
  object space 68608K, 78% used [0x0000000080000000,0x00000000834492f0,0x0000000084300000)
 Metaspace       used 58647K, committed 59776K, reserved 1114112K
  class space    used 6212K, committed 6720K, reserved 1048576K
}
Event: 36.130 GC heap before
{Heap before GC invocations=46 (full 3):
 PSYoungGen      total 12800K, used 1013K [0x00000000d5580000, 0x00000000d6500000, 0x0000000100000000)
  eden space 11776K, 0% used [0x00000000d5580000,0x00000000d5580000,0x00000000d6100000)
  from space 1024K, 99% used [0x00000000d6200000,0x00000000d62fd740,0x00000000d6300000)
  to   space 2048K, 0% used [0x00000000d6300000,0x00000000d6300000,0x00000000d6500000)
 ParOldGen       total 68608K, used 53540K [0x0000000080000000, 0x0000000084300000, 0x00000000d5580000)
  object space 68608K, 78% used [0x0000000080000000,0x00000000834492f0,0x0000000084300000)
 Metaspace       used 58647K, committed 59776K, reserved 1114112K
  class space    used 6212K, committed 6720K, reserved 1048576K
}
Event: 36.301 GC heap after
{Heap after GC invocations=46 (full 3):
 PSYoungGen      total 12800K, used 0K [0x00000000d5580000, 0x00000000d6500000, 0x0000000100000000)
  eden space 11776K, 0% used [0x00000000d5580000,0x00000000d5580000,0x00000000d6100000)
  from space 1024K, 0% used [0x00000000d6200000,0x00000000d6200000,0x00000000d6300000)
  to   space 2048K, 0% used [0x00000000d6300000,0x00000000d6300000,0x00000000d6500000)
 ParOldGen       total 68608K, used 44835K [0x0000000080000000, 0x0000000084300000, 0x00000000d5580000)
  object space 68608K, 65% used [0x0000000080000000,0x0000000082bc8dd8,0x0000000084300000)
 Metaspace       used 58647K, committed 59776K, reserved 1114112K
  class space    used 6212K, committed 6720K, reserved 1048576K
}
Event: 36.953 GC heap before
{Heap before GC invocations=47 (full 3):
 PSYoungGen      total 12800K, used 11775K [0x00000000d5580000, 0x00000000d6500000, 0x0000000100000000)
  eden space 11776K, 99% used [0x00000000d5580000,0x00000000d60fffe0,0x00000000d6100000)
  from space 1024K, 0% used [0x00000000d6200000,0x00000000d6200000,0x00000000d6300000)
  to   space 2048K, 0% used [0x00000000d6300000,0x00000000d6300000,0x00000000d6500000)
 ParOldGen       total 68608K, used 44835K [0x0000000080000000, 0x0000000084300000, 0x00000000d5580000)
  object space 68608K, 65% used [0x0000000080000000,0x0000000082bc8dd8,0x0000000084300000)
 Metaspace       used 59450K, committed 60736K, reserved 1114112K
  class space    used 6301K, committed 6848K, reserved 1048576K
}
Event: 36.956 GC heap after
{Heap after GC invocations=47 (full 3):
 PSYoungGen      total 13312K, used 2029K [0x00000000d5580000, 0x00000000d6600000, 0x0000000100000000)
  eden space 11264K, 0% used [0x00000000d5580000,0x00000000d5580000,0x00000000d6080000)
  from space 2048K, 99% used [0x00000000d6300000,0x00000000d64fb728,0x00000000d6500000)
  to   space 2560K, 0% used [0x00000000d6080000,0x00000000d6080000,0x00000000d6300000)
 ParOldGen       total 68608K, used 44883K [0x0000000080000000, 0x0000000084300000, 0x00000000d5580000)
  object space 68608K, 65% used [0x0000000080000000,0x0000000082bd4de8,0x0000000084300000)
 Metaspace       used 59450K, committed 60736K, reserved 1114112K
  class space    used 6301K, committed 6848K, reserved 1048576K
}
Event: 37.331 GC heap before
{Heap before GC invocations=48 (full 3):
 PSYoungGen      total 13312K, used 13293K [0x00000000d5580000, 0x00000000d6600000, 0x0000000100000000)
  eden space 11264K, 100% used [0x00000000d5580000,0x00000000d6080000,0x00000000d6080000)
  from space 2048K, 99% used [0x00000000d6300000,0x00000000d64fb728,0x00000000d6500000)
  to   space 2560K, 0% used [0x00000000d6080000,0x00000000d6080000,0x00000000d6300000)
 ParOldGen       total 68608K, used 44883K [0x0000000080000000, 0x0000000084300000, 0x00000000d5580000)
  object space 68608K, 65% used [0x0000000080000000,0x0000000082bd4de8,0x0000000084300000)
 Metaspace       used 60455K, committed 61696K, reserved 1114112K
  class space    used 6420K, committed 6976K, reserved 1048576K
}
Event: 37.335 GC heap after
{Heap after GC invocations=48 (full 3):
 PSYoungGen      total 12288K, used 888K [0x00000000d5580000, 0x00000000d6380000, 0x0000000100000000)
  eden space 11264K, 0% used [0x00000000d5580000,0x00000000d5580000,0x00000000d6080000)
  from space 1024K, 86% used [0x00000000d6080000,0x00000000d615e1a8,0x00000000d6180000)
  to   space 1536K, 0% used [0x00000000d6200000,0x00000000d6200000,0x00000000d6380000)
 ParOldGen       total 68608K, used 46876K [0x0000000080000000, 0x0000000084300000, 0x00000000d5580000)
  object space 68608K, 68% used [0x0000000080000000,0x0000000082dc7100,0x0000000084300000)
 Metaspace       used 60455K, committed 61696K, reserved 1114112K
  class space    used 6420K, committed 6976K, reserved 1048576K
}
Event: 38.602 GC heap before
{Heap before GC invocations=49 (full 3):
 PSYoungGen      total 12288K, used 12152K [0x00000000d5580000, 0x00000000d6380000, 0x0000000100000000)
  eden space 11264K, 100% used [0x00000000d5580000,0x00000000d6080000,0x00000000d6080000)
  from space 1024K, 86% used [0x00000000d6080000,0x00000000d615e1a8,0x00000000d6180000)
  to   space 1536K, 0% used [0x00000000d6200000,0x00000000d6200000,0x00000000d6380000)
 ParOldGen       total 68608K, used 46876K [0x0000000080000000, 0x0000000084300000, 0x00000000d5580000)
  object space 68608K, 68% used [0x0000000080000000,0x0000000082dc7100,0x0000000084300000)
 Metaspace       used 61814K, committed 63168K, reserved 1114112K
  class space    used 6579K, committed 7168K, reserved 1048576K
}
Event: 38.608 GC heap after
{Heap after GC invocations=49 (full 3):
 PSYoungGen      total 12288K, used 880K [0x00000000d5580000, 0x00000000d6300000, 0x0000000100000000)
  eden space 11264K, 0% used [0x00000000d5580000,0x00000000d5580000,0x00000000d6080000)
  from space 1024K, 85% used [0x00000000d6200000,0x00000000d62dc008,0x00000000d6300000)
  to   space 1024K, 0% used [0x00000000d6080000,0x00000000d6080000,0x00000000d6180000)
 ParOldGen       total 68608K, used 47658K [0x0000000080000000, 0x0000000084300000, 0x00000000d5580000)
  object space 68608K, 69% used [0x0000000080000000,0x0000000082e8aa88,0x0000000084300000)
 Metaspace       used 61814K, committed 63168K, reserved 1114112K
  class space    used 6579K, committed 7168K, reserved 1048576K
}
Event: 39.262 GC heap before
{Heap before GC invocations=50 (full 3):
 PSYoungGen      total 12288K, used 12144K [0x00000000d5580000, 0x00000000d6300000, 0x0000000100000000)
  eden space 11264K, 100% used [0x00000000d5580000,0x00000000d6080000,0x00000000d6080000)
  from space 1024K, 85% used [0x00000000d6200000,0x00000000d62dc008,0x00000000d6300000)
  to   space 1024K, 0% used [0x00000000d6080000,0x00000000d6080000,0x00000000d6180000)
 ParOldGen       total 68608K, used 47658K [0x0000000080000000, 0x0000000084300000, 0x00000000d5580000)
  object space 68608K, 69% used [0x0000000080000000,0x0000000082e8aa88,0x0000000084300000)
 Metaspace       used 62568K, committed 63936K, reserved 1114112K
  class space    used 6653K, committed 7232K, reserved 1048576K
}
Event: 39.266 GC heap after
{Heap after GC invocations=50 (full 3):
 PSYoungGen      total 12288K, used 1023K [0x00000000d5580000, 0x00000000d6580000, 0x0000000100000000)
  eden space 11264K, 0% used [0x00000000d5580000,0x00000000d5580000,0x00000000d6080000)
  from space 1024K, 99% used [0x00000000d6080000,0x00000000d617fea0,0x00000000d6180000)
  to   space 2560K, 0% used [0x00000000d6300000,0x00000000d6300000,0x00000000d6580000)
 ParOldGen       total 68608K, used 48721K [0x0000000080000000, 0x0000000084300000, 0x00000000d5580000)
  object space 68608K, 71% used [0x0000000080000000,0x0000000082f94670,0x0000000084300000)
 Metaspace       used 62568K, committed 63936K, reserved 1114112K
  class space    used 6653K, committed 7232K, reserved 1048576K
}
Event: 40.094 GC heap before
{Heap before GC invocations=51 (full 3):
 PSYoungGen      total 12288K, used 12287K [0x00000000d5580000, 0x00000000d6580000, 0x0000000100000000)
  eden space 11264K, 100% used [0x00000000d5580000,0x00000000d6080000,0x00000000d6080000)
  from space 1024K, 99% used [0x00000000d6080000,0x00000000d617fea0,0x00000000d6180000)
  to   space 2560K, 0% used [0x00000000d6300000,0x00000000d6300000,0x00000000d6580000)
 ParOldGen       total 68608K, used 48721K [0x0000000080000000, 0x0000000084300000, 0x00000000d5580000)
  object space 68608K, 71% used [0x0000000080000000,0x0000000082f94670,0x0000000084300000)
 Metaspace       used 63824K, committed 65152K, reserved 1114112K
  class space    used 6747K, committed 7360K, reserved 1048576K
}
Event: 40.099 GC heap after
{Heap after GC invocations=51 (full 3):
 PSYoungGen      total 12800K, used 1081K [0x00000000d5580000, 0x00000000d6480000, 0x0000000100000000)
  eden space 11264K, 0% used [0x00000000d5580000,0x00000000d5580000,0x00000000d6080000)
  from space 1536K, 70% used [0x00000000d6300000,0x00000000d640e4d0,0x00000000d6480000)
  to   space 1536K, 0% used [0x00000000d6180000,0x00000000d6180000,0x00000000d6300000)
 ParOldGen       total 68608K, used 49724K [0x0000000080000000, 0x0000000084300000, 0x00000000d5580000)
  object space 68608K, 72% used [0x0000000080000000,0x000000008308f298,0x0000000084300000)
 Metaspace       used 63824K, committed 65152K, reserved 1114112K
  class space    used 6747K, committed 7360K, reserved 1048576K
}
Event: 40.825 GC heap before
{Heap before GC invocations=52 (full 3):
 PSYoungGen      total 12800K, used 12345K [0x00000000d5580000, 0x00000000d6480000, 0x0000000100000000)
  eden space 11264K, 100% used [0x00000000d5580000,0x00000000d6080000,0x00000000d6080000)
  from space 1536K, 70% used [0x00000000d6300000,0x00000000d640e4d0,0x00000000d6480000)
  to   space 1536K, 0% used [0x00000000d6180000,0x00000000d6180000,0x00000000d6300000)
 ParOldGen       total 68608K, used 49724K [0x0000000080000000, 0x0000000084300000, 0x00000000d5580000)
  object space 68608K, 72% used [0x0000000080000000,0x000000008308f298,0x0000000084300000)
 Metaspace       used 64497K, committed 65856K, reserved 1114112K
  class space    used 6795K, committed 7360K, reserved 1048576K
}
Event: 40.829 GC heap after
{Heap after GC invocations=52 (full 3):
 PSYoungGen      total 12800K, used 1534K [0x00000000d5580000, 0x00000000d6680000, 0x0000000100000000)
  eden space 11264K, 0% used [0x00000000d5580000,0x00000000d5580000,0x00000000d6080000)
  from space 1536K, 99% used [0x00000000d6180000,0x00000000d62ff908,0x00000000d6300000)
  to   space 3072K, 0% used [0x00000000d6380000,0x00000000d6380000,0x00000000d6680000)
 ParOldGen       total 68608K, used 50795K [0x0000000080000000, 0x0000000084300000, 0x00000000d5580000)
  object space 68608K, 74% used [0x0000000080000000,0x000000008319af50,0x0000000084300000)
 Metaspace       used 64497K, committed 65856K, reserved 1114112K
  class space    used 6795K, committed 7360K, reserved 1048576K
}
Event: 42.549 GC heap before
{Heap before GC invocations=53 (full 3):
 PSYoungGen      total 12800K, used 12798K [0x00000000d5580000, 0x00000000d6680000, 0x0000000100000000)
  eden space 11264K, 100% used [0x00000000d5580000,0x00000000d6080000,0x00000000d6080000)
  from space 1536K, 99% used [0x00000000d6180000,0x00000000d62ff908,0x00000000d6300000)
  to   space 3072K, 0% used [0x00000000d6380000,0x00000000d6380000,0x00000000d6680000)
 ParOldGen       total 68608K, used 50795K [0x0000000080000000, 0x0000000084300000, 0x00000000d5580000)
  object space 68608K, 74% used [0x0000000080000000,0x000000008319af50,0x0000000084300000)
 Metaspace       used 64727K, committed 66112K, reserved 1114112K
  class space    used 6820K, committed 7424K, reserved 1048576K
}
Event: 42.567 GC heap after
{Heap after GC invocations=53 (full 3):
 PSYoungGen      total 14336K, used 2612K [0x00000000d5580000, 0x00000000d6680000, 0x0000000100000000)
  eden space 11264K, 0% used [0x00000000d5580000,0x00000000d5580000,0x00000000d6080000)
  from space 3072K, 85% used [0x00000000d6380000,0x00000000d660d1d0,0x00000000d6680000)
  to   space 3072K, 0% used [0x00000000d6080000,0x00000000d6080000,0x00000000d6380000)
 ParOldGen       total 68608K, used 52255K [0x0000000080000000, 0x0000000084300000, 0x00000000d5580000)
  object space 68608K, 76% used [0x0000000080000000,0x0000000083307f30,0x0000000084300000)
 Metaspace       used 64727K, committed 66112K, reserved 1114112K
  class space    used 6820K, committed 7424K, reserved 1048576K
}

