# JRE version: OpenJDK Runtime Environment Temurin-21.0.7+6 (21.0.7+6) (build 21.0.7+6-LTS)
# Java VM: OpenJDK 64-Bit Server VM Temurin-21.0.7+6 (21.0.7+6-LTS, mixed mode, sharing, tiered, compressed oops, compressed class ptrs, parallel gc, windows-amd64)
GC Precious Log:
 CardTable entry size: 512
 CPUs: 4 total, 4 available
 Memory: 8056M
 Large Page Support: Disabled
 NUMA Support: Disabled
 Compressed Oops: Enabled (32-bit)
 Alignments: Space 512K, Generation 512K, Heap 2M
 Heap Min Capacity: 100M
 Heap Initial Capacity: 100M
 Heap Max Capacity: 2G
 Pre-touch: Disabled
 Parallel Workers: 4
Heap:
 PSYoungGen      total 23040K, used 18404K [0x00000000d5580000, 0x00000000d7100000, 0x0000000100000000)
  eden space 22016K, 79% used [0x00000000d5580000,0x00000000d667dfb0,0x00000000d6b00000)
  from space 1024K, 98% used [0x00000000d6f80000,0x00000000d707b438,0x00000000d7080000)
  to   space 512K, 0% used [0x00000000d7080000,0x00000000d7080000,0x00000000d7100000)
 ParOldGen       total 68608K, used 17660K [0x0000000080000000, 0x0000000084300000, 0x00000000d5580000)
  object space 68608K, 25% used [0x0000000080000000,0x000000008113f208,0x0000000084300000)
 Metaspace       used 39954K, committed 41088K, reserved 1114112K
  class space    used 4249K, committed 4736K, reserved 1048576K
GC Heap History (20 events):
Event: 10.367 GC heap before
{Heap before GC invocations=8 (full 0):
 PSYoungGen      total 28160K, used 4335K [0x00000000d5580000, 0x00000000d7600000, 0x0000000100000000)
  eden space 24064K, 1% used [0x00000000d5580000,0x00000000d55f3de8,0x00000000d6d00000)
  from space 4096K, 94% used [0x00000000d6f00000,0x00000000d72c8208,0x00000000d7300000)
  to   space 3072K, 0% used [0x00000000d7300000,0x00000000d7300000,0x00000000d7600000)
 ParOldGen       total 68608K, used 9380K [0x0000000080000000, 0x0000000084300000, 0x00000000d5580000)
  object space 68608K, 13% used [0x0000000080000000,0x0000000080929090,0x0000000084300000)
 Metaspace       used 20774K, committed 21504K, reserved 1114112K
  class space    used 2086K, committed 2432K, reserved 1048576K
}
Event: 10.371 GC heap after
{Heap after GC invocations=8 (full 0):
 PSYoungGen      total 27136K, used 2926K [0x00000000d5580000, 0x00000000d7600000, 0x0000000100000000)
  eden space 24064K, 0% used [0x00000000d5580000,0x00000000d5580000,0x00000000d6d00000)
  from space 3072K, 95% used [0x00000000d7300000,0x00000000d75dbbb8,0x00000000d7600000)
  to   space 3584K, 0% used [0x00000000d6f00000,0x00000000d6f00000,0x00000000d7280000)
 ParOldGen       total 68608K, used 10375K [0x0000000080000000, 0x0000000084300000, 0x00000000d5580000)
  object space 68608K, 15% used [0x0000000080000000,0x0000000080a21d98,0x0000000084300000)
 Metaspace       used 20774K, committed 21504K, reserved 1114112K
  class space    used 2086K, committed 2432K, reserved 1048576K
}
Event: 10.371 GC heap before
{Heap before GC invocations=9 (full 1):
 PSYoungGen      total 27136K, used 2926K [0x00000000d5580000, 0x00000000d7600000, 0x0000000100000000)
  eden space 24064K, 0% used [0x00000000d5580000,0x00000000d5580000,0x00000000d6d00000)
  from space 3072K, 95% used [0x00000000d7300000,0x00000000d75dbbb8,0x00000000d7600000)
  to   space 3584K, 0% used [0x00000000d6f00000,0x00000000d6f00000,0x00000000d7280000)
 ParOldGen       total 68608K, used 10375K [0x0000000080000000, 0x0000000084300000, 0x00000000d5580000)
  object space 68608K, 15% used [0x0000000080000000,0x0000000080a21d98,0x0000000084300000)
 Metaspace       used 20774K, committed 21504K, reserved 1114112K
  class space    used 2086K, committed 2432K, reserved 1048576K
}
Event: 10.430 GC heap after
{Heap after GC invocations=9 (full 1):
 PSYoungGen      total 27136K, used 0K [0x00000000d5580000, 0x00000000d7600000, 0x0000000100000000)
  eden space 24064K, 0% used [0x00000000d5580000,0x00000000d5580000,0x00000000d6d00000)
  from space 3072K, 0% used [0x00000000d7300000,0x00000000d7300000,0x00000000d7600000)
  to   space 3584K, 0% used [0x00000000d6f00000,0x00000000d6f00000,0x00000000d7280000)
 ParOldGen       total 68608K, used 12409K [0x0000000080000000, 0x0000000084300000, 0x00000000d5580000)
  object space 68608K, 18% used [0x0000000080000000,0x0000000080c1e4f8,0x0000000084300000)
 Metaspace       used 20761K, committed 21504K, reserved 1114112K
  class space    used 2082K, committed 2432K, reserved 1048576K
}
Event: 11.491 GC heap before
{Heap before GC invocations=10 (full 1):
 PSYoungGen      total 27136K, used 23893K [0x00000000d5580000, 0x00000000d7600000, 0x0000000100000000)
  eden space 24064K, 99% used [0x00000000d5580000,0x00000000d6cd57d8,0x00000000d6d00000)
  from space 3072K, 0% used [0x00000000d7300000,0x00000000d7300000,0x00000000d7600000)
  to   space 3584K, 0% used [0x00000000d6f00000,0x00000000d6f00000,0x00000000d7280000)
 ParOldGen       total 68608K, used 12409K [0x0000000080000000, 0x0000000084300000, 0x00000000d5580000)
  object space 68608K, 18% used [0x0000000080000000,0x0000000080c1e4f8,0x0000000084300000)
 Metaspace       used 24394K, committed 25280K, reserved 1114112K
  class space    used 2388K, committed 2752K, reserved 1048576K
}
Event: 11.495 GC heap after
{Heap after GC invocations=10 (full 1):
 PSYoungGen      total 26112K, used 2177K [0x00000000d5580000, 0x00000000d7380000, 0x0000000100000000)
  eden space 23552K, 0% used [0x00000000d5580000,0x00000000d5580000,0x00000000d6c80000)
  from space 2560K, 85% used [0x00000000d6f00000,0x00000000d71204a0,0x00000000d7180000)
  to   space 2048K, 0% used [0x00000000d7180000,0x00000000d7180000,0x00000000d7380000)
 ParOldGen       total 68608K, used 12417K [0x0000000080000000, 0x0000000084300000, 0x00000000d5580000)
  object space 68608K, 18% used [0x0000000080000000,0x0000000080c204f8,0x0000000084300000)
 Metaspace       used 24394K, committed 25280K, reserved 1114112K
  class space    used 2388K, committed 2752K, reserved 1048576K
}
Event: 14.053 GC heap before
{Heap before GC invocations=11 (full 1):
 PSYoungGen      total 26112K, used 25729K [0x00000000d5580000, 0x00000000d7380000, 0x0000000100000000)
  eden space 23552K, 100% used [0x00000000d5580000,0x00000000d6c80000,0x00000000d6c80000)
  from space 2560K, 85% used [0x00000000d6f00000,0x00000000d71204a0,0x00000000d7180000)
  to   space 2048K, 0% used [0x00000000d7180000,0x00000000d7180000,0x00000000d7380000)
 ParOldGen       total 68608K, used 12417K [0x0000000080000000, 0x0000000084300000, 0x00000000d5580000)
  object space 68608K, 18% used [0x0000000080000000,0x0000000080c204f8,0x0000000084300000)
 Metaspace       used 26716K, committed 27520K, reserved 1114112K
  class space    used 2618K, committed 2944K, reserved 1048576K
}
Event: 14.057 GC heap after
{Heap after GC invocations=11 (full 1):
 PSYoungGen      total 25088K, used 1563K [0x00000000d5580000, 0x00000000d7380000, 0x0000000100000000)
  eden space 23040K, 0% used [0x00000000d5580000,0x00000000d5580000,0x00000000d6c00000)
  from space 2048K, 76% used [0x00000000d7180000,0x00000000d7306da0,0x00000000d7380000)
  to   space 2048K, 0% used [0x00000000d6f80000,0x00000000d6f80000,0x00000000d7180000)
 ParOldGen       total 68608K, used 13198K [0x0000000080000000, 0x0000000084300000, 0x00000000d5580000)
  object space 68608K, 19% used [0x0000000080000000,0x0000000080ce3a08,0x0000000084300000)
 Metaspace       used 26716K, committed 27520K, reserved 1114112K
  class space    used 2618K, committed 2944K, reserved 1048576K
}
Event: 14.746 GC heap before
{Heap before GC invocations=12 (full 1):
 PSYoungGen      total 25088K, used 24603K [0x00000000d5580000, 0x00000000d7380000, 0x0000000100000000)
  eden space 23040K, 100% used [0x00000000d5580000,0x00000000d6c00000,0x00000000d6c00000)
  from space 2048K, 76% used [0x00000000d7180000,0x00000000d7306da0,0x00000000d7380000)
  to   space 2048K, 0% used [0x00000000d6f80000,0x00000000d6f80000,0x00000000d7180000)
 ParOldGen       total 68608K, used 13198K [0x0000000080000000, 0x0000000084300000, 0x00000000d5580000)
  object space 68608K, 19% used [0x0000000080000000,0x0000000080ce3a08,0x0000000084300000)
 Metaspace       used 28190K, committed 29056K, reserved 1114112K
  class space    used 2808K, committed 3200K, reserved 1048576K
}
Event: 14.752 GC heap after
{Heap after GC invocations=12 (full 1):
 PSYoungGen      total 24064K, used 1052K [0x00000000d5580000, 0x00000000d7200000, 0x0000000100000000)
  eden space 22528K, 0% used [0x00000000d5580000,0x00000000d5580000,0x00000000d6b80000)
  from space 1536K, 68% used [0x00000000d6f80000,0x00000000d70870c0,0x00000000d7100000)
  to   space 1024K, 0% used [0x00000000d7100000,0x00000000d7100000,0x00000000d7200000)
 ParOldGen       total 68608K, used 14578K [0x0000000080000000, 0x0000000084300000, 0x00000000d5580000)
  object space 68608K, 21% used [0x0000000080000000,0x0000000080e3c818,0x0000000084300000)
 Metaspace       used 28190K, committed 29056K, reserved 1114112K
  class space    used 2808K, committed 3200K, reserved 1048576K
}
Event: 15.802 GC heap before
{Heap before GC invocations=13 (full 1):
 PSYoungGen      total 24064K, used 23580K [0x00000000d5580000, 0x00000000d7200000, 0x0000000100000000)
  eden space 22528K, 100% used [0x00000000d5580000,0x00000000d6b80000,0x00000000d6b80000)
  from space 1536K, 68% used [0x00000000d6f80000,0x00000000d70870c0,0x00000000d7100000)
  to   space 1024K, 0% used [0x00000000d7100000,0x00000000d7100000,0x00000000d7200000)
 ParOldGen       total 68608K, used 14578K [0x0000000080000000, 0x0000000084300000, 0x00000000d5580000)
  object space 68608K, 21% used [0x0000000080000000,0x0000000080e3c818,0x0000000084300000)
 Metaspace       used 31084K, committed 31936K, reserved 1114112K
  class space    used 3119K, committed 3456K, reserved 1048576K
}
Event: 15.807 GC heap after
{Heap after GC invocations=13 (full 1):
 PSYoungGen      total 23040K, used 1002K [0x00000000d5580000, 0x00000000d7200000, 0x0000000100000000)
  eden space 22016K, 0% used [0x00000000d5580000,0x00000000d5580000,0x00000000d6b00000)
  from space 1024K, 97% used [0x00000000d7100000,0x00000000d71fa8e0,0x00000000d7200000)
  to   space 1536K, 0% used [0x00000000d6f00000,0x00000000d6f00000,0x00000000d7080000)
 ParOldGen       total 68608K, used 15442K [0x0000000080000000, 0x0000000084300000, 0x00000000d5580000)
  object space 68608K, 22% used [0x0000000080000000,0x0000000080f148b0,0x0000000084300000)
 Metaspace       used 31084K, committed 31936K, reserved 1114112K
  class space    used 3119K, committed 3456K, reserved 1048576K
}
Event: 18.204 GC heap before
{Heap before GC invocations=14 (full 1):
 PSYoungGen      total 23040K, used 23018K [0x00000000d5580000, 0x00000000d7200000, 0x0000000100000000)
  eden space 22016K, 100% used [0x00000000d5580000,0x00000000d6b00000,0x00000000d6b00000)
  from space 1024K, 97% used [0x00000000d7100000,0x00000000d71fa8e0,0x00000000d7200000)
  to   space 1536K, 0% used [0x00000000d6f00000,0x00000000d6f00000,0x00000000d7080000)
 ParOldGen       total 68608K, used 15442K [0x0000000080000000, 0x0000000084300000, 0x00000000d5580000)
  object space 68608K, 22% used [0x0000000080000000,0x0000000080f148b0,0x0000000084300000)
 Metaspace       used 33542K, committed 34496K, reserved 1114112K
  class space    used 3428K, committed 3840K, reserved 1048576K
}
Event: 18.212 GC heap after
{Heap after GC invocations=14 (full 1):
 PSYoungGen      total 23552K, used 800K [0x00000000d5580000, 0x00000000d7180000, 0x0000000100000000)
  eden space 22016K, 0% used [0x00000000d5580000,0x00000000d5580000,0x00000000d6b00000)
  from space 1536K, 52% used [0x00000000d6f00000,0x00000000d6fc8000,0x00000000d7080000)
  to   space 1024K, 0% used [0x00000000d7080000,0x00000000d7080000,0x00000000d7180000)
 ParOldGen       total 68608K, used 16217K [0x0000000080000000, 0x0000000084300000, 0x00000000d5580000)
  object space 68608K, 23% used [0x0000000080000000,0x0000000080fd6420,0x0000000084300000)
 Metaspace       used 33542K, committed 34496K, reserved 1114112K
  class space    used 3428K, committed 3840K, reserved 1048576K
}
Event: 19.112 GC heap before
{Heap before GC invocations=15 (full 1):
 PSYoungGen      total 23552K, used 13862K [0x00000000d5580000, 0x00000000d7180000, 0x0000000100000000)
  eden space 22016K, 59% used [0x00000000d5580000,0x00000000d6241be8,0x00000000d6b00000)
  from space 1536K, 52% used [0x00000000d6f00000,0x00000000d6fc8000,0x00000000d7080000)
  to   space 1024K, 0% used [0x00000000d7080000,0x00000000d7080000,0x00000000d7180000)
 ParOldGen       total 68608K, used 16217K [0x0000000080000000, 0x0000000084300000, 0x00000000d5580000)
  object space 68608K, 23% used [0x0000000080000000,0x0000000080fd6420,0x0000000084300000)
 Metaspace       used 34961K, committed 35840K, reserved 1114112K
  class space    used 3606K, committed 3968K, reserved 1048576K
}
Event: 19.116 GC heap after
{Heap after GC invocations=15 (full 1):
 PSYoungGen      total 23040K, used 768K [0x00000000d5580000, 0x00000000d7180000, 0x0000000100000000)
  eden space 22016K, 0% used [0x00000000d5580000,0x00000000d5580000,0x00000000d6b00000)
  from space 1024K, 75% used [0x00000000d7080000,0x00000000d7140000,0x00000000d7180000)
  to   space 1024K, 0% used [0x00000000d6f80000,0x00000000d6f80000,0x00000000d7080000)
 ParOldGen       total 68608K, used 16895K [0x0000000080000000, 0x0000000084300000, 0x00000000d5580000)
  object space 68608K, 24% used [0x0000000080000000,0x000000008107fda8,0x0000000084300000)
 Metaspace       used 34961K, committed 35840K, reserved 1114112K
  class space    used 3606K, committed 3968K, reserved 1048576K
}
Event: 19.116 GC heap before
{Heap before GC invocations=16 (full 2):
 PSYoungGen      total 23040K, used 768K [0x00000000d5580000, 0x00000000d7180000, 0x0000000100000000)
  eden space 22016K, 0% used [0x00000000d5580000,0x00000000d5580000,0x00000000d6b00000)
  from space 1024K, 75% used [0x00000000d7080000,0x00000000d7140000,0x00000000d7180000)
  to   space 1024K, 0% used [0x00000000d6f80000,0x00000000d6f80000,0x00000000d7080000)
 ParOldGen       total 68608K, used 16895K [0x0000000080000000, 0x0000000084300000, 0x00000000d5580000)
  object space 68608K, 24% used [0x0000000080000000,0x000000008107fda8,0x0000000084300000)
 Metaspace       used 34961K, committed 35840K, reserved 1114112K
  class space    used 3606K, committed 3968K, reserved 1048576K
}
Event: 19.188 GC heap after
{Heap after GC invocations=16 (full 2):
 PSYoungGen      total 23040K, used 0K [0x00000000d5580000, 0x00000000d7180000, 0x0000000100000000)
  eden space 22016K, 0% used [0x00000000d5580000,0x00000000d5580000,0x00000000d6b00000)
  from space 1024K, 0% used [0x00000000d7080000,0x00000000d7080000,0x00000000d7180000)
  to   space 1024K, 0% used [0x00000000d6f80000,0x00000000d6f80000,0x00000000d7080000)
 ParOldGen       total 68608K, used 16800K [0x0000000080000000, 0x0000000084300000, 0x00000000d5580000)
  object space 68608K, 24% used [0x0000000080000000,0x00000000810681d8,0x0000000084300000)
 Metaspace       used 34961K, committed 35840K, reserved 1114112K
  class space    used 3606K, committed 3968K, reserved 1048576K
}
Event: 21.283 GC heap before
{Heap before GC invocations=17 (full 2):
 PSYoungGen      total 23040K, used 22015K [0x00000000d5580000, 0x00000000d7180000, 0x0000000100000000)
  eden space 22016K, 99% used [0x00000000d5580000,0x00000000d6afffe0,0x00000000d6b00000)
  from space 1024K, 0% used [0x00000000d7080000,0x00000000d7080000,0x00000000d7180000)
  to   space 1024K, 0% used [0x00000000d6f80000,0x00000000d6f80000,0x00000000d7080000)
 ParOldGen       total 68608K, used 16800K [0x0000000080000000, 0x0000000084300000, 0x00000000d5580000)
  object space 68608K, 24% used [0x0000000080000000,0x00000000810681d8,0x0000000084300000)
 Metaspace       used 37743K, committed 38720K, reserved 1114112K
  class space    used 3964K, committed 4352K, reserved 1048576K
}
Event: 21.287 GC heap after
{Heap after GC invocations=17 (full 2):
 PSYoungGen      total 23040K, used 1005K [0x00000000d5580000, 0x00000000d7100000, 0x0000000100000000)
  eden space 22016K, 0% used [0x00000000d5580000,0x00000000d5580000,0x00000000d6b00000)
  from space 1024K, 98% used [0x00000000d6f80000,0x00000000d707b438,0x00000000d7080000)
  to   space 512K, 0% used [0x00000000d7080000,0x00000000d7080000,0x00000000d7100000)
 ParOldGen       total 68608K, used 17660K [0x0000000080000000, 0x0000000084300000, 0x00000000d5580000)
  object space 68608K, 25% used [0x0000000080000000,0x000000008113f208,0x0000000084300000)
 Metaspace       used 37743K, committed 38720K, reserved 1114112K
  class space    used 3964K, committed 4352K, reserved 1048576K
}

